[debug] [2023-05-23T14:59:31.737Z] ----------------------------------------------------------------------
[debug] [2023-05-23T14:59:31.739Z] Command:       C:\Program Files\nodejs\node.exe C:\Users\jahid\AppData\Roaming\npm\node_modules\firebase-tools\lib\bin\firebase.js init
[debug] [2023-05-23T14:59:31.740Z] CLI Version:   12.1.0
[debug] [2023-05-23T14:59:31.740Z] Platform:      win32
[debug] [2023-05-23T14:59:31.741Z] Node Version:  v18.13.0
[debug] [2023-05-23T14:59:31.742Z] Time:          Tue May 23 2023 20:59:31 GMT+0600 (Bangladesh Standard Time)
[debug] [2023-05-23T14:59:31.742Z] ----------------------------------------------------------------------
[debug] 
[debug] [2023-05-23T14:59:31.838Z] > command requires scopes: ["email","openid","https://www.googleapis.com/auth/cloudplatformprojects.readonly","https://www.googleapis.com/auth/firebase","https://www.googleapis.com/auth/cloud-platform"]
[debug] [2023-05-23T14:59:31.839Z] > authorizing via signed-in user (jahidarfin2@gmail.com)
[info] 
     ######## #### ########  ######## ########     ###     ######  ########
     ##        ##  ##     ## ##       ##     ##  ##   ##  ##       ##
     ######    ##  ########  ######   ########  #########  ######  ######
     ##        ##  ##    ##  ##       ##     ## ##     ##       ## ##
     ##       #### ##     ## ######## ########  ##     ##  ######  ########

You're about to initialize a Firebase project in this directory:

  C:\Programming Hero\kid-land-client

Before we get started, keep in mind:

  * You are currently outside your home directory
  * You are initializing within an existing Firebase project directory

[debug] [2023-05-23T15:02:12.866Z] ----------------------------------------------------------------------
[debug] [2023-05-23T15:02:12.868Z] Command:       C:\Program Files\nodejs\node.exe C:\Users\jahid\AppData\Roaming\npm\node_modules\firebase-tools\lib\bin\firebase.js init
[debug] [2023-05-23T15:02:12.869Z] CLI Version:   12.1.0
[debug] [2023-05-23T15:02:12.869Z] Platform:      win32
[debug] [2023-05-23T15:02:12.870Z] Node Version:  v18.13.0
[debug] [2023-05-23T15:02:12.871Z] Time:          Tue May 23 2023 21:02:12 GMT+0600 (Bangladesh Standard Time)
[debug] [2023-05-23T15:02:12.871Z] ----------------------------------------------------------------------
[debug] 
[debug] [2023-05-23T15:02:12.992Z] > command requires scopes: ["email","openid","https://www.googleapis.com/auth/cloudplatformprojects.readonly","https://www.googleapis.com/auth/firebase","https://www.googleapis.com/auth/cloud-platform"]
[debug] [2023-05-23T15:02:12.994Z] > authorizing via signed-in user (jahidarfin2@gmail.com)
[info] 
     ######## #### ########  ######## ########     ###     ######  ########
     ##        ##  ##     ## ##       ##     ##  ##   ##  ##       ##
     ######    ##  ########  ######   ########  #########  ######  ######
     ##        ##  ##    ##  ##       ##     ## ##     ##       ## ##
     ##       #### ##     ## ######## ########  ##     ##  ######  ########

You're about to initialize a Firebase project in this directory:

  C:\Programming Hero\kid-land-client

Before we get started, keep in mind:

  * You are currently outside your home directory
  * You are initializing within an existing Firebase project directory

[info] 
=== Project Setup
[info] 
[info] First, let's associate this project directory with a Firebase project.
[info] You can create multiple project aliases by running firebase use --add, 
[info] but for now we'll just set up a default project.
[info] 
[debug] [2023-05-23T15:02:20.100Z] Using project from CLI flag: kidsland-12cd7
[debug] [2023-05-23T15:02:20.103Z] >>> [apiv2][query] GET https://firebase.googleapis.com/v1beta1/projects/kidsland-12cd7 [none]
[debug] [2023-05-23T15:02:21.055Z] <<< [apiv2][status] GET https://firebase.googleapis.com/v1beta1/projects/kidsland-12cd7 200
[debug] [2023-05-23T15:02:21.055Z] <<< [apiv2][body] GET https://firebase.googleapis.com/v1beta1/projects/kidsland-12cd7 {"projectId":"kidsland-12cd7","projectNumber":"2141239673","displayName":"KidsLand","name":"projects/kidsland-12cd7","resources":{"hostingSite":"kidsland-12cd7"},"state":"ACTIVE","etag":"1_d09b3883-9468-4b57-a425-bc3301c68e01"}
[info] i  Using project kidsland-12cd7 (KidsLand) 
[info] 
=== Hosting Setup
[info] 
[info] Your public directory is the folder (relative to your project directory) that
[info] will contain Hosting assets to be uploaded with firebase deploy. If you
[info] have a build process for your assets, use your build's output directory.
[info] 
[debug] [2023-05-23T15:02:45.273Z] >>> [apiv2][query] GET https://www.gstatic.com/firebasejs/releases.json [none]
[debug] [2023-05-23T15:02:45.583Z] <<< [apiv2][status] GET https://www.gstatic.com/firebasejs/releases.json 200
[debug] [2023-05-23T15:02:45.583Z] <<< [apiv2][body] GET https://www.gstatic.com/firebasejs/releases.json {"current":{"version":"9.22.0","browserURL":"https://www.gstatic.com/firebasejs/9.22.0/firebase.js","packageURL":"https://www.gstatic.com/firebasejs/9.22.0/firebase.tgz"},"live":{"version":"9.22","browserURL":"https://www.gstatic.com/firebasejs/live/9.22/firebase.js","packageURL":"https://www.gstatic.com/firebasejs/live/9.22/firebase.tgz"},"components":{"analytics":"https://www.gstatic.com/firebasejs/9.22.0/firebase-analytics.js","app":"https://www.gstatic.com/firebasejs/9.22.0/firebase-app.js","app-check":"https://www.gstatic.com/firebasejs/9.22.0/firebase-app-check.js","auth":"https://www.gstatic.com/firebasejs/9.22.0/firebase-auth.js","auth/cordova":"https://www.gstatic.com/firebasejs/9.22.0/firebase-auth/cordova.js","auth/react-native":"https://www.gstatic.com/firebasejs/9.22.0/firebase-auth/react-native.js","functions":"https://www.gstatic.com/firebasejs/9.22.0/firebase-functions.js","firestore":"https://www.gstatic.com/firebasejs/9.22.0/firebase-firestore.js","firestore/lite":"https://www.gstatic.com/firebasejs/9.22.0/firebase-firestore/lite.js","installations":"https://www.gstatic.com/firebasejs/9.22.0/firebase-installations.js","storage":"https://www.gstatic.com/firebasejs/9.22.0/firebase-storage.js","performance":"https://www.gstatic.com/firebasejs/9.22.0/firebase-performance.js","remote-config":"https://www.gstatic.com/firebasejs/9.22.0/firebase-remote-config.js","messaging":"https://www.gstatic.com/firebasejs/9.22.0/firebase-messaging.js","messaging/sw":"https://www.gstatic.com/firebasejs/9.22.0/firebase-messaging/sw.js","database":"https://www.gstatic.com/firebasejs/9.22.0/firebase-database.js","firestore.memory":"https://www.gstatic.com/firebasejs/9.22.0/firebase-firestore.memory.js"}}
[info] +  Wrote build/index.html 
[info] 
[info] i  Detected a .git folder at C:\Programming Hero\kid-land-client 
[info] i  Authorizing with GitHub to upload your service account to a GitHub repository's secrets store. 
[info] 
[info] Visit this URL on this device to log in:
[info] https://github.com/login/oauth/authorize?client_id=89cf50f02ac6aaed3484&state=260915191&redirect_uri=http%3A%2F%2Flocalhost%3A9005&scope=read%3Auser%20repo%20public_repo
[info] 
[info] Waiting for authentication...
[debug] [2023-05-23T15:03:01.678Z] >>> [apiv2][query] POST https://github.com/login/oauth/access_token [none]
[debug] [2023-05-23T15:03:01.678Z] >>> [apiv2][body] POST https://github.com/login/oauth/access_token [stream]
[debug] [2023-05-23T15:03:02.573Z] <<< [apiv2][status] POST https://github.com/login/oauth/access_token 200
[debug] [2023-05-23T15:03:02.573Z] <<< [apiv2][body] POST https://github.com/login/oauth/access_token {"access_token":"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","token_type":"bearer","scope":"read:user,repo"}
[debug] [2023-05-23T15:03:02.585Z] >>> [apiv2][query] GET https://api.github.com/user [none]
[debug] [2023-05-23T15:03:03.169Z] <<< [apiv2][status] GET https://api.github.com/user 200
[debug] [2023-05-23T15:03:03.169Z] <<< [apiv2][body] GET https://api.github.com/user {"login":"Jahid05","id":99207345,"node_id":"U_kgDOBenIsQ","avatar_url":"https://avatars.githubusercontent.com/u/99207345?v=4","gravatar_id":"","url":"https://api.github.com/users/Jahid05","html_url":"https://github.com/Jahid05","followers_url":"https://api.github.com/users/Jahid05/followers","following_url":"https://api.github.com/users/Jahid05/following{/other_user}","gists_url":"https://api.github.com/users/Jahid05/gists{/gist_id}","starred_url":"https://api.github.com/users/Jahid05/starred{/owner}{/repo}","subscriptions_url":"https://api.github.com/users/Jahid05/subscriptions","organizations_url":"https://api.github.com/users/Jahid05/orgs","repos_url":"https://api.github.com/users/Jahid05/repos","events_url":"https://api.github.com/users/Jahid05/events{/privacy}","received_events_url":"https://api.github.com/users/Jahid05/received_events","type":"User","site_admin":false,"name":"MD JAHID AL HASSAN","company":null,"blog":"","location":"Dhaka, Bangladesh","email":null,"hireable":null,"bio":null,"twitter_username":null,"public_repos":19,"public_gists":0,"followers":1,"following":0,"created_at":"2022-02-07T17:45:15Z","updated_at":"2023-05-20T11:58:59Z","private_gists":0,"total_private_repos":0,"owned_private_repos":0,"disk_usage":97013,"collaborators":0,"two_factor_authentication":false,"plan":{"name":"free","space":976562499,"collaborators":0,"private_repos":10000}}
[info] 
[info] +  Success! Logged into GitHub as Jahid05 
[info] 
[debug] [2023-05-23T15:03:14.202Z] >>> [apiv2][query] GET https://api.github.com/repos//actions/secrets/public-key type=owner
[debug] [2023-05-23T15:03:14.653Z] <<< [apiv2][status] GET https://api.github.com/repos//actions/secrets/public-key 404
[debug] [2023-05-23T15:03:14.653Z] <<< [apiv2][body] GET https://api.github.com/repos//actions/secrets/public-key {"message":"Not Found","documentation_url":"https://docs.github.com/rest"}
[info] 
[info] 
[error] !  The provided authorization cannot be used with this repository. If this repository is in an organization, did you remember to grant access? 
[info] 
[info] i  Action required: Visit this URL to ensure access has been granted to the appropriate organization(s) for the Firebase CLI GitHub OAuth App: 
[info] https://github.com/settings/connections/applications/89cf50f02ac6aaed3484
[info] 
[debug] [2023-05-23T15:03:16.256Z] >>> [apiv2][query] GET https://api.github.com/repos//actions/secrets/public-key type=owner
[debug] [2023-05-23T15:03:16.713Z] <<< [apiv2][status] GET https://api.github.com/repos//actions/secrets/public-key 404
[debug] [2023-05-23T15:03:16.714Z] <<< [apiv2][body] GET https://api.github.com/repos//actions/secrets/public-key {"message":"Not Found","documentation_url":"https://docs.github.com/rest"}
[info] 
[info] 
[error] !  The provided authorization cannot be used with this repository. If this repository is in an organization, did you remember to grant access? 
[info] 
[info] i  Action required: Visit this URL to ensure access has been granted to the appropriate organization(s) for the Firebase CLI GitHub OAuth App: 
[info] https://github.com/settings/connections/applications/89cf50f02ac6aaed3484
[info] 
[debug] [2023-05-23T15:03:39.677Z] >>> [apiv2][query] GET https://api.github.com/repos//actions/secrets/public-key type=owner
[debug] [2023-05-23T15:03:40.125Z] <<< [apiv2][status] GET https://api.github.com/repos//actions/secrets/public-key 404
[debug] [2023-05-23T15:03:40.125Z] <<< [apiv2][body] GET https://api.github.com/repos//actions/secrets/public-key {"message":"Not Found","documentation_url":"https://docs.github.com/rest"}
[info] 
[info] 
[error] !  The provided authorization cannot be used with this repository. If this repository is in an organization, did you remember to grant access? 
[info] 
[info] i  Action required: Visit this URL to ensure access has been granted to the appropriate organization(s) for the Firebase CLI GitHub OAuth App: 
[info] https://github.com/settings/connections/applications/89cf50f02ac6aaed3484
[info] 
